{"C:\\Users\\ogabr\\Projects\\Apis\\chamaforte\\src\\index.ts": {"path":"C:\\Users\\ogabr\\Projects\\Apis\\chamaforte\\src\\index.ts","statementMap":{"0":{"start":{"line":5,"column":38},"end":{"line":5,"column":93}}},"fnMap":{"0":{"name":"(anonymous_0)","decl":{"start":{"line":5,"column":32},"end":{"line":5,"column":33}},"loc":{"start":{"line":5,"column":38},"end":{"line":5,"column":93}},"line":5}},"branchMap":{},"s":{"0":2},"f":{"0":2},"b":{},"_coverageSchema":"1a1c01bbd47fc00a2c39e90264f33305004495a9","hash":"582637bd0e1414668f0f799e7697b57215df4f12"}
,"C:\\Users\\ogabr\\Projects\\Apis\\chamaforte\\src\\config\\express.ts": {"path":"C:\\Users\\ogabr\\Projects\\Apis\\chamaforte\\src\\config\\express.ts","statementMap":{"0":{"start":{"line":7,"column":33},"end":{"line":7,"column":42}},"1":{"start":{"line":9,"column":0},"end":{"line":9,"column":23}},"2":{"start":{"line":10,"column":0},"end":{"line":10,"column":15}},"3":{"start":{"line":12,"column":0},"end":{"line":12,"column":24}},"4":{"start":{"line":13,"column":0},"end":{"line":13,"column":26}}},"fnMap":{},"branchMap":{},"s":{"0":2,"1":2,"2":2,"3":2,"4":2},"f":{},"b":{},"_coverageSchema":"1a1c01bbd47fc00a2c39e90264f33305004495a9","hash":"722c2485fbe0791db0ae6e9cde433e9b0245c252"}
,"C:\\Users\\ogabr\\Projects\\Apis\\chamaforte\\src\\config\\jwt.ts": {"path":"C:\\Users\\ogabr\\Projects\\Apis\\chamaforte\\src\\config\\jwt.ts","statementMap":{"0":{"start":{"line":2,"column":15},"end":{"line":2,"column":53}},"1":{"start":{"line":4,"column":20},"end":{"line":4,"column":66}},"2":{"start":{"line":4,"column":41},"end":{"line":4,"column":66}},"3":{"start":{"line":5,"column":22},"end":{"line":5,"column":66}},"4":{"start":{"line":5,"column":41},"end":{"line":5,"column":66}}},"fnMap":{"0":{"name":"(anonymous_0)","decl":{"start":{"line":4,"column":20},"end":{"line":4,"column":21}},"loc":{"start":{"line":4,"column":41},"end":{"line":4,"column":66}},"line":4},"1":{"name":"(anonymous_1)","decl":{"start":{"line":5,"column":22},"end":{"line":5,"column":23}},"loc":{"start":{"line":5,"column":41},"end":{"line":5,"column":66}},"line":5}},"branchMap":{},"s":{"0":2,"1":2,"2":2,"3":2,"4":0},"f":{"0":2,"1":0},"b":{},"_coverageSchema":"1a1c01bbd47fc00a2c39e90264f33305004495a9","hash":"f2b136318ef3225628517be0b0fc0fb0d7cc83b7"}
,"C:\\Users\\ogabr\\Projects\\Apis\\chamaforte\\src\\connections\\mercadopago.ts": {"path":"C:\\Users\\ogabr\\Projects\\Apis\\chamaforte\\src\\connections\\mercadopago.ts","statementMap":{"0":{"start":{"line":3,"column":0},"end":{"line":5,"column":2}}},"fnMap":{},"branchMap":{},"s":{"0":2},"f":{},"b":{},"_coverageSchema":"1a1c01bbd47fc00a2c39e90264f33305004495a9","hash":"8b4c5c5840806d926a7cb697d90393083cc3d6e0"}
,"C:\\Users\\ogabr\\Projects\\Apis\\chamaforte\\src\\connections\\mongoose.ts": {"path":"C:\\Users\\ogabr\\Projects\\Apis\\chamaforte\\src\\connections\\mongoose.ts","statementMap":{"0":{"start":{"line":3,"column":0},"end":{"line":3,"column":56}}},"fnMap":{},"branchMap":{},"s":{"0":2},"f":{},"b":{},"_coverageSchema":"1a1c01bbd47fc00a2c39e90264f33305004495a9","hash":"845a48e7e965ef42b82fbde39e748432e5b64a36"}
,"C:\\Users\\ogabr\\Projects\\Apis\\chamaforte\\src\\controllers\\Orders.controllers.ts": {"path":"C:\\Users\\ogabr\\Projects\\Apis\\chamaforte\\src\\controllers\\Orders.controllers.ts","statementMap":{"0":{"start":{"line":6,"column":14},"end":{"line":6,"column":31}},"1":{"start":{"line":11,"column":23},"end":{"line":11,"column":49}},"2":{"start":{"line":12,"column":8},"end":{"line":12,"column":36}},"3":{"start":{"line":18,"column":23},"end":{"line":18,"column":64}},"4":{"start":{"line":19,"column":8},"end":{"line":19,"column":36}},"5":{"start":{"line":25,"column":8},"end":{"line":25,"column":59}},"6":{"start":{"line":26,"column":8},"end":{"line":26,"column":72}},"7":{"start":{"line":32,"column":8},"end":{"line":32,"column":48}},"8":{"start":{"line":33,"column":8},"end":{"line":33,"column":72}},"9":{"start":{"line":39,"column":8},"end":{"line":39,"column":41}},"10":{"start":{"line":40,"column":8},"end":{"line":40,"column":70}},"11":{"start":{"line":46,"column":33},"end":{"line":46,"column":115}},"12":{"start":{"line":47,"column":19},"end":{"line":47,"column":20}},"13":{"start":{"line":50,"column":8},"end":{"line":60,"column":10}},"14":{"start":{"line":51,"column":12},"end":{"line":51,"column":35}},"15":{"start":{"line":54,"column":12},"end":{"line":59,"column":14}},"16":{"start":{"line":56,"column":28},"end":{"line":56,"column":60}},"17":{"start":{"line":57,"column":16},"end":{"line":57,"column":37}},"18":{"start":{"line":62,"column":21},"end":{"line":66,"column":10}},"19":{"start":{"line":63,"column":37},"end":{"line":63,"column":50}},"20":{"start":{"line":64,"column":35},"end":{"line":64,"column":39}},"21":{"start":{"line":68,"column":8},"end":{"line":68,"column":55}}},"fnMap":{"0":{"name":"(anonymous_0)","decl":{"start":{"line":9,"column":4},"end":{"line":9,"column":5}},"loc":{"start":{"line":9,"column":53},"end":{"line":14,"column":5}},"line":9},"1":{"name":"(anonymous_1)","decl":{"start":{"line":16,"column":4},"end":{"line":16,"column":5}},"loc":{"start":{"line":16,"column":58},"end":{"line":21,"column":5}},"line":16},"2":{"name":"(anonymous_2)","decl":{"start":{"line":23,"column":4},"end":{"line":23,"column":5}},"loc":{"start":{"line":23,"column":51},"end":{"line":28,"column":5}},"line":23},"3":{"name":"(anonymous_3)","decl":{"start":{"line":30,"column":4},"end":{"line":30,"column":5}},"loc":{"start":{"line":30,"column":53},"end":{"line":35,"column":5}},"line":30},"4":{"name":"(anonymous_4)","decl":{"start":{"line":37,"column":4},"end":{"line":37,"column":5}},"loc":{"start":{"line":37,"column":53},"end":{"line":42,"column":5}},"line":37},"5":{"name":"(anonymous_5)","decl":{"start":{"line":44,"column":4},"end":{"line":44,"column":5}},"loc":{"start":{"line":44,"column":54},"end":{"line":79,"column":5}},"line":44},"6":{"name":"(anonymous_6)","decl":{"start":{"line":50,"column":23},"end":{"line":50,"column":24}},"loc":{"start":{"line":50,"column":30},"end":{"line":60,"column":9}},"line":50},"7":{"name":"(anonymous_7)","decl":{"start":{"line":54,"column":28},"end":{"line":54,"column":29}},"loc":{"start":{"line":54,"column":35},"end":{"line":59,"column":13}},"line":54},"8":{"name":"(anonymous_8)","decl":{"start":{"line":63,"column":30},"end":{"line":63,"column":31}},"loc":{"start":{"line":63,"column":37},"end":{"line":63,"column":50}},"line":63},"9":{"name":"(anonymous_9)","decl":{"start":{"line":64,"column":28},"end":{"line":64,"column":29}},"loc":{"start":{"line":64,"column":35},"end":{"line":64,"column":39}},"line":64}},"branchMap":{},"s":{"0":2,"1":0,"2":0,"3":0,"4":0,"5":0,"6":0,"7":0,"8":0,"9":0,"10":0,"11":0,"12":0,"13":0,"14":0,"15":0,"16":0,"17":0,"18":0,"19":0,"20":0,"21":0},"f":{"0":0,"1":0,"2":0,"3":0,"4":0,"5":0,"6":0,"7":0,"8":0,"9":0},"b":{},"_coverageSchema":"1a1c01bbd47fc00a2c39e90264f33305004495a9","hash":"0c0a993e3a35b2ce3eda2969a0b0c6f9f37f0fac"}
,"C:\\Users\\ogabr\\Projects\\Apis\\chamaforte\\src\\controllers\\Users.controllers.ts": {"path":"C:\\Users\\ogabr\\Projects\\Apis\\chamaforte\\src\\controllers\\Users.controllers.ts","statementMap":{"0":{"start":{"line":4,"column":14},"end":{"line":4,"column":30}},"1":{"start":{"line":8,"column":8},"end":{"line":17,"column":9}},"2":{"start":{"line":10,"column":26},"end":{"line":10,"column":51}},"3":{"start":{"line":11,"column":12},"end":{"line":11,"column":39}},"4":{"start":{"line":15,"column":12},"end":{"line":15,"column":56}},"5":{"start":{"line":21,"column":8},"end":{"line":30,"column":9}},"6":{"start":{"line":23,"column":25},"end":{"line":23,"column":63}},"7":{"start":{"line":24,"column":12},"end":{"line":24,"column":38}},"8":{"start":{"line":28,"column":12},"end":{"line":28,"column":56}},"9":{"start":{"line":34,"column":8},"end":{"line":45,"column":9}},"10":{"start":{"line":36,"column":12},"end":{"line":36,"column":106}},"11":{"start":{"line":36,"column":35},"end":{"line":36,"column":106}},"12":{"start":{"line":38,"column":29},"end":{"line":38,"column":82}},"13":{"start":{"line":39,"column":12},"end":{"line":39,"column":52}},"14":{"start":{"line":43,"column":12},"end":{"line":43,"column":48}},"15":{"start":{"line":48,"column":8},"end":{"line":59,"column":9}},"16":{"start":{"line":50,"column":12},"end":{"line":50,"column":122}},"17":{"start":{"line":50,"column":54},"end":{"line":50,"column":122}},"18":{"start":{"line":52,"column":29},"end":{"line":52,"column":56}},"19":{"start":{"line":53,"column":12},"end":{"line":53,"column":53}},"20":{"start":{"line":57,"column":12},"end":{"line":57,"column":106}},"21":{"start":{"line":62,"column":8},"end":{"line":71,"column":9}},"22":{"start":{"line":64,"column":25},"end":{"line":64,"column":59}},"23":{"start":{"line":65,"column":12},"end":{"line":65,"column":43}},"24":{"start":{"line":69,"column":12},"end":{"line":69,"column":48}},"25":{"start":{"line":74,"column":8},"end":{"line":85,"column":9}},"26":{"start":{"line":76,"column":12},"end":{"line":76,"column":100}},"27":{"start":{"line":76,"column":32},"end":{"line":76,"column":100}},"28":{"start":{"line":78,"column":12},"end":{"line":78,"column":57}},"29":{"start":{"line":79,"column":12},"end":{"line":79,"column":78}},"30":{"start":{"line":83,"column":12},"end":{"line":83,"column":56}},"31":{"start":{"line":88,"column":8},"end":{"line":100,"column":9}},"32":{"start":{"line":90,"column":12},"end":{"line":90,"column":105}},"33":{"start":{"line":90,"column":34},"end":{"line":90,"column":105}},"34":{"start":{"line":91,"column":12},"end":{"line":91,"column":94}},"35":{"start":{"line":91,"column":26},"end":{"line":91,"column":94}},"36":{"start":{"line":93,"column":12},"end":{"line":93,"column":67}},"37":{"start":{"line":94,"column":12},"end":{"line":94,"column":77}},"38":{"start":{"line":98,"column":12},"end":{"line":98,"column":48}}},"fnMap":{"0":{"name":"(anonymous_0)","decl":{"start":{"line":7,"column":4},"end":{"line":7,"column":5}},"loc":{"start":{"line":7,"column":68},"end":{"line":18,"column":5}},"line":7},"1":{"name":"(anonymous_1)","decl":{"start":{"line":20,"column":4},"end":{"line":20,"column":5}},"loc":{"start":{"line":20,"column":72},"end":{"line":31,"column":5}},"line":20},"2":{"name":"(anonymous_2)","decl":{"start":{"line":33,"column":4},"end":{"line":33,"column":5}},"loc":{"start":{"line":33,"column":52},"end":{"line":46,"column":5}},"line":33},"3":{"name":"(anonymous_3)","decl":{"start":{"line":47,"column":4},"end":{"line":47,"column":5}},"loc":{"start":{"line":47,"column":53},"end":{"line":60,"column":5}},"line":47},"4":{"name":"(anonymous_4)","decl":{"start":{"line":61,"column":4},"end":{"line":61,"column":5}},"loc":{"start":{"line":61,"column":52},"end":{"line":72,"column":5}},"line":61},"5":{"name":"(anonymous_5)","decl":{"start":{"line":73,"column":4},"end":{"line":73,"column":5}},"loc":{"start":{"line":73,"column":53},"end":{"line":86,"column":5}},"line":73},"6":{"name":"(anonymous_6)","decl":{"start":{"line":87,"column":4},"end":{"line":87,"column":5}},"loc":{"start":{"line":87,"column":51},"end":{"line":101,"column":5}},"line":87}},"branchMap":{"0":{"loc":{"start":{"line":36,"column":12},"end":{"line":36,"column":106}},"type":"if","locations":[{"start":{"line":36,"column":12},"end":{"line":36,"column":106}},{"start":{},"end":{}}],"line":36},"1":{"loc":{"start":{"line":50,"column":12},"end":{"line":50,"column":122}},"type":"if","locations":[{"start":{"line":50,"column":12},"end":{"line":50,"column":122}},{"start":{},"end":{}}],"line":50},"2":{"loc":{"start":{"line":50,"column":15},"end":{"line":50,"column":52}},"type":"binary-expr","locations":[{"start":{"line":50,"column":15},"end":{"line":50,"column":30}},{"start":{"line":50,"column":34},"end":{"line":50,"column":52}}],"line":50},"3":{"loc":{"start":{"line":76,"column":12},"end":{"line":76,"column":100}},"type":"if","locations":[{"start":{"line":76,"column":12},"end":{"line":76,"column":100}},{"start":{},"end":{}}],"line":76},"4":{"loc":{"start":{"line":90,"column":12},"end":{"line":90,"column":105}},"type":"if","locations":[{"start":{"line":90,"column":12},"end":{"line":90,"column":105}},{"start":{},"end":{}}],"line":90},"5":{"loc":{"start":{"line":91,"column":12},"end":{"line":91,"column":94}},"type":"if","locations":[{"start":{"line":91,"column":12},"end":{"line":91,"column":94}},{"start":{},"end":{}}],"line":91}},"s":{"0":2,"1":2,"2":2,"3":2,"4":0,"5":0,"6":0,"7":0,"8":0,"9":0,"10":0,"11":0,"12":0,"13":0,"14":0,"15":2,"16":2,"17":0,"18":2,"19":1,"20":1,"21":2,"22":2,"23":1,"24":1,"25":1,"26":1,"27":0,"28":1,"29":1,"30":0,"31":1,"32":1,"33":0,"34":1,"35":0,"36":1,"37":1,"38":0},"f":{"0":2,"1":0,"2":0,"3":2,"4":2,"5":1,"6":1},"b":{"0":[0,0],"1":[0,2],"2":[2,2],"3":[0,1],"4":[0,1],"5":[0,1]},"_coverageSchema":"1a1c01bbd47fc00a2c39e90264f33305004495a9","hash":"c1905a90d61234bdfb9181d63c5daa3c264a4b5b"}
,"C:\\Users\\ogabr\\Projects\\Apis\\chamaforte\\src\\models\\Orders.models.ts": {"path":"C:\\Users\\ogabr\\Projects\\Apis\\chamaforte\\src\\models\\Orders.models.ts","statementMap":{"0":{"start":{"line":18,"column":23},"end":{"line":18,"column":48}},"1":{"start":{"line":19,"column":8},"end":{"line":19,"column":21}},"2":{"start":{"line":25,"column":23},"end":{"line":25,"column":57}},"3":{"start":{"line":26,"column":8},"end":{"line":26,"column":21}},"4":{"start":{"line":32,"column":23},"end":{"line":32,"column":57}},"5":{"start":{"line":33,"column":31},"end":{"line":33,"column":70}},"6":{"start":{"line":33,"column":50},"end":{"line":33,"column":69}},"7":{"start":{"line":35,"column":8},"end":{"line":35,"column":29}},"8":{"start":{"line":41,"column":8},"end":{"line":41,"column":42}},"9":{"start":{"line":47,"column":8},"end":{"line":47,"column":36}},"10":{"start":{"line":53,"column":22},"end":{"line":53,"column":60}},"11":{"start":{"line":54,"column":8},"end":{"line":54,"column":20}},"12":{"start":{"line":60,"column":27},"end":{"line":66,"column":9}},"13":{"start":{"line":68,"column":21},"end":{"line":68,"column":69}},"14":{"start":{"line":69,"column":8},"end":{"line":69,"column":19}}},"fnMap":{"0":{"name":"(anonymous_0)","decl":{"start":{"line":16,"column":4},"end":{"line":16,"column":5}},"loc":{"start":{"line":16,"column":32},"end":{"line":21,"column":5}},"line":16},"1":{"name":"(anonymous_1)","decl":{"start":{"line":23,"column":4},"end":{"line":23,"column":5}},"loc":{"start":{"line":23,"column":44},"end":{"line":28,"column":5}},"line":23},"2":{"name":"(anonymous_2)","decl":{"start":{"line":30,"column":4},"end":{"line":30,"column":5}},"loc":{"start":{"line":30,"column":87},"end":{"line":37,"column":5}},"line":30},"3":{"name":"(anonymous_3)","decl":{"start":{"line":33,"column":45},"end":{"line":33,"column":46}},"loc":{"start":{"line":33,"column":50},"end":{"line":33,"column":69}},"line":33},"4":{"name":"(anonymous_4)","decl":{"start":{"line":39,"column":4},"end":{"line":39,"column":5}},"loc":{"start":{"line":39,"column":53},"end":{"line":43,"column":5}},"line":39},"5":{"name":"(anonymous_5)","decl":{"start":{"line":45,"column":4},"end":{"line":45,"column":5}},"loc":{"start":{"line":45,"column":43},"end":{"line":49,"column":5}},"line":45},"6":{"name":"(anonymous_6)","decl":{"start":{"line":51,"column":4},"end":{"line":51,"column":5}},"loc":{"start":{"line":51,"column":46},"end":{"line":56,"column":5}},"line":51},"7":{"name":"(anonymous_7)","decl":{"start":{"line":58,"column":4},"end":{"line":58,"column":5}},"loc":{"start":{"line":58,"column":50},"end":{"line":71,"column":5}},"line":58}},"branchMap":{},"s":{"0":0,"1":0,"2":0,"3":0,"4":0,"5":0,"6":0,"7":0,"8":0,"9":0,"10":0,"11":0,"12":0,"13":0,"14":0},"f":{"0":0,"1":0,"2":0,"3":0,"4":0,"5":0,"6":0,"7":0},"b":{},"_coverageSchema":"1a1c01bbd47fc00a2c39e90264f33305004495a9","hash":"61d9aaf1c298e296e0bba4c5722d63340b7da9e7"}
,"C:\\Users\\ogabr\\Projects\\Apis\\chamaforte\\src\\models\\Users.models.ts": {"path":"C:\\Users\\ogabr\\Projects\\Apis\\chamaforte\\src\\models\\Users.models.ts","statementMap":{"0":{"start":{"line":12,"column":22},"end":{"line":12,"column":46}},"1":{"start":{"line":13,"column":8},"end":{"line":13,"column":20}},"2":{"start":{"line":19,"column":8},"end":{"line":19,"column":51}},"3":{"start":{"line":21,"column":21},"end":{"line":21,"column":58}},"4":{"start":{"line":22,"column":22},"end":{"line":22,"column":49}},"5":{"start":{"line":24,"column":8},"end":{"line":27,"column":9}},"6":{"start":{"line":33,"column":24},"end":{"line":33,"column":64}},"7":{"start":{"line":34,"column":8},"end":{"line":34,"column":69}},"8":{"start":{"line":36,"column":22},"end":{"line":36,"column":52}},"9":{"start":{"line":37,"column":8},"end":{"line":37,"column":20}},"10":{"start":{"line":43,"column":24},"end":{"line":43,"column":41}},"11":{"start":{"line":44,"column":8},"end":{"line":44,"column":57}},"12":{"start":{"line":44,"column":26},"end":{"line":44,"column":57}},"13":{"start":{"line":46,"column":8},"end":{"line":46,"column":45}},"14":{"start":{"line":52,"column":8},"end":{"line":52,"column":53}},"15":{"start":{"line":57,"column":8},"end":{"line":57,"column":62}}},"fnMap":{"0":{"name":"(anonymous_0)","decl":{"start":{"line":10,"column":4},"end":{"line":10,"column":5}},"loc":{"start":{"line":10,"column":31},"end":{"line":15,"column":5}},"line":10},"1":{"name":"(anonymous_1)","decl":{"start":{"line":17,"column":4},"end":{"line":17,"column":5}},"loc":{"start":{"line":17,"column":46},"end":{"line":29,"column":5}},"line":17},"2":{"name":"(anonymous_2)","decl":{"start":{"line":31,"column":4},"end":{"line":31,"column":5}},"loc":{"start":{"line":31,"column":40},"end":{"line":39,"column":5}},"line":31},"3":{"name":"(anonymous_3)","decl":{"start":{"line":41,"column":4},"end":{"line":41,"column":5}},"loc":{"start":{"line":41,"column":41},"end":{"line":48,"column":5}},"line":41},"4":{"name":"(anonymous_4)","decl":{"start":{"line":50,"column":4},"end":{"line":50,"column":5}},"loc":{"start":{"line":50,"column":50},"end":{"line":54,"column":5}},"line":50},"5":{"name":"(anonymous_5)","decl":{"start":{"line":55,"column":4},"end":{"line":55,"column":5}},"loc":{"start":{"line":55,"column":64},"end":{"line":59,"column":5}},"line":55}},"branchMap":{"0":{"loc":{"start":{"line":44,"column":8},"end":{"line":44,"column":57}},"type":"if","locations":[{"start":{"line":44,"column":8},"end":{"line":44,"column":57}},{"start":{},"end":{}}],"line":44}},"s":{"0":2,"1":2,"2":2,"3":1,"4":1,"5":1,"6":2,"7":2,"8":1,"9":1,"10":0,"11":0,"12":0,"13":0,"14":1,"15":1},"f":{"0":2,"1":2,"2":2,"3":0,"4":1,"5":1},"b":{"0":[0,0]},"_coverageSchema":"1a1c01bbd47fc00a2c39e90264f33305004495a9","hash":"1f6feace76a320efc3b8f556ffe72e814d8800bc"}
,"C:\\Users\\ogabr\\Projects\\Apis\\chamaforte\\src\\routes\\orders.ts": {"path":"C:\\Users\\ogabr\\Projects\\Apis\\chamaforte\\src\\routes\\orders.ts","statementMap":{"0":{"start":{"line":3,"column":15},"end":{"line":3,"column":23}},"1":{"start":{"line":5,"column":15},"end":{"line":5,"column":27}},"2":{"start":{"line":7,"column":0},"end":{"line":7,"column":36}},"3":{"start":{"line":8,"column":0},"end":{"line":8,"column":48}},"4":{"start":{"line":10,"column":0},"end":{"line":10,"column":37}},"5":{"start":{"line":11,"column":0},"end":{"line":11,"column":46}},"6":{"start":{"line":13,"column":0},"end":{"line":13,"column":36}},"7":{"start":{"line":15,"column":0},"end":{"line":15,"column":43}}},"fnMap":{},"branchMap":{},"s":{"0":2,"1":2,"2":2,"3":2,"4":2,"5":2,"6":2,"7":2},"f":{},"b":{},"_coverageSchema":"1a1c01bbd47fc00a2c39e90264f33305004495a9","hash":"0ac11dbd28beb5dcb7b518745f338d8040088006"}
,"C:\\Users\\ogabr\\Projects\\Apis\\chamaforte\\src\\routes\\users.ts": {"path":"C:\\Users\\ogabr\\Projects\\Apis\\chamaforte\\src\\routes\\users.ts","statementMap":{"0":{"start":{"line":2,"column":15},"end":{"line":2,"column":23}},"1":{"start":{"line":5,"column":14},"end":{"line":5,"column":25}},"2":{"start":{"line":7,"column":0},"end":{"line":7,"column":35}},"3":{"start":{"line":8,"column":0},"end":{"line":8,"column":43}},"4":{"start":{"line":9,"column":0},"end":{"line":9,"column":33}},"5":{"start":{"line":11,"column":0},"end":{"line":11,"column":38}},"6":{"start":{"line":13,"column":0},"end":{"line":13,"column":37}},"7":{"start":{"line":14,"column":0},"end":{"line":14,"column":37}},"8":{"start":{"line":16,"column":0},"end":{"line":16,"column":38}}},"fnMap":{},"branchMap":{},"s":{"0":2,"1":2,"2":2,"3":2,"4":2,"5":2,"6":2,"7":2,"8":2},"f":{},"b":{},"_coverageSchema":"1a1c01bbd47fc00a2c39e90264f33305004495a9","hash":"a08cba8c7d0c964c79d3b5c3ca06481cbe77ff8e"}
,"C:\\Users\\ogabr\\Projects\\Apis\\chamaforte\\src\\schemas\\Orders.schemas.ts": {"path":"C:\\Users\\ogabr\\Projects\\Apis\\chamaforte\\src\\schemas\\Orders.schemas.ts","statementMap":{},"fnMap":{},"branchMap":{},"s":{},"f":{},"b":{},"_coverageSchema":"1a1c01bbd47fc00a2c39e90264f33305004495a9","hash":"257d2c8b560b428591a886ebe15509e615ed797c"}
,"C:\\Users\\ogabr\\Projects\\Apis\\chamaforte\\src\\schemas\\Users.schemas.ts": {"path":"C:\\Users\\ogabr\\Projects\\Apis\\chamaforte\\src\\schemas\\Users.schemas.ts","statementMap":{},"fnMap":{},"branchMap":{},"s":{},"f":{},"b":{},"_coverageSchema":"1a1c01bbd47fc00a2c39e90264f33305004495a9","hash":"4eeafd0c749f73a0ddd6fd47bf7934d394b2a9c4"}
,"C:\\Users\\ogabr\\Projects\\Apis\\chamaforte\\src\\services\\Orders.services.ts": {"path":"C:\\Users\\ogabr\\Projects\\Apis\\chamaforte\\src\\services\\Orders.services.ts","statementMap":{"0":{"start":{"line":13,"column":23},"end":{"line":13,"column":57}},"1":{"start":{"line":14,"column":8},"end":{"line":14,"column":21}},"2":{"start":{"line":20,"column":8},"end":{"line":20,"column":50}},"3":{"start":{"line":26,"column":23},"end":{"line":26,"column":48}},"4":{"start":{"line":27,"column":8},"end":{"line":27,"column":21}},"5":{"start":{"line":33,"column":8},"end":{"line":33,"column":44}}},"fnMap":{"0":{"name":"(anonymous_0)","decl":{"start":{"line":5,"column":4},"end":{"line":5,"column":5}},"loc":{"start":{"line":5,"column":36},"end":{"line":9,"column":5}},"line":5},"1":{"name":"(anonymous_1)","decl":{"start":{"line":11,"column":4},"end":{"line":11,"column":5}},"loc":{"start":{"line":11,"column":49},"end":{"line":16,"column":5}},"line":11},"2":{"name":"(anonymous_2)","decl":{"start":{"line":18,"column":4},"end":{"line":18,"column":5}},"loc":{"start":{"line":18,"column":57},"end":{"line":22,"column":5}},"line":18},"3":{"name":"(anonymous_3)","decl":{"start":{"line":24,"column":4},"end":{"line":24,"column":5}},"loc":{"start":{"line":24,"column":29},"end":{"line":29,"column":5}},"line":24},"4":{"name":"(anonymous_4)","decl":{"start":{"line":31,"column":4},"end":{"line":31,"column":5}},"loc":{"start":{"line":31,"column":43},"end":{"line":35,"column":5}},"line":31}},"branchMap":{},"s":{"0":0,"1":0,"2":0,"3":0,"4":0,"5":0},"f":{"0":0,"1":0,"2":0,"3":0,"4":0},"b":{},"_coverageSchema":"1a1c01bbd47fc00a2c39e90264f33305004495a9","hash":"9c09d3d8888594914537154b1e832a7389efcc75"}
,"C:\\Users\\ogabr\\Projects\\Apis\\chamaforte\\src\\services\\Users.services.ts": {"path":"C:\\Users\\ogabr\\Projects\\Apis\\chamaforte\\src\\services\\Users.services.ts","statementMap":{"0":{"start":{"line":9,"column":21},"end":{"line":9,"column":57}},"1":{"start":{"line":10,"column":8},"end":{"line":10,"column":19}},"2":{"start":{"line":16,"column":21},"end":{"line":16,"column":54}},"3":{"start":{"line":17,"column":8},"end":{"line":17,"column":19}},"4":{"start":{"line":23,"column":21},"end":{"line":23,"column":57}},"5":{"start":{"line":24,"column":8},"end":{"line":24,"column":69}},"6":{"start":{"line":24,"column":17},"end":{"line":24,"column":69}},"7":{"start":{"line":26,"column":8},"end":{"line":26,"column":19}},"8":{"start":{"line":32,"column":8},"end":{"line":32,"column":88}},"9":{"start":{"line":32,"column":33},"end":{"line":32,"column":88}},"10":{"start":{"line":33,"column":8},"end":{"line":33,"column":23}}},"fnMap":{"0":{"name":"(anonymous_0)","decl":{"start":{"line":7,"column":4},"end":{"line":7,"column":5}},"loc":{"start":{"line":7,"column":47},"end":{"line":12,"column":5}},"line":7},"1":{"name":"(anonymous_1)","decl":{"start":{"line":14,"column":4},"end":{"line":14,"column":5}},"loc":{"start":{"line":14,"column":41},"end":{"line":19,"column":5}},"line":14},"2":{"name":"(anonymous_2)","decl":{"start":{"line":21,"column":4},"end":{"line":21,"column":5}},"loc":{"start":{"line":21,"column":50},"end":{"line":28,"column":5}},"line":21},"3":{"name":"(anonymous_3)","decl":{"start":{"line":30,"column":4},"end":{"line":30,"column":5}},"loc":{"start":{"line":30,"column":68},"end":{"line":35,"column":5}},"line":30}},"branchMap":{"0":{"loc":{"start":{"line":24,"column":8},"end":{"line":24,"column":69}},"type":"if","locations":[{"start":{"line":24,"column":8},"end":{"line":24,"column":69}},{"start":{},"end":{}}],"line":24},"1":{"loc":{"start":{"line":32,"column":8},"end":{"line":32,"column":88}},"type":"if","locations":[{"start":{"line":32,"column":8},"end":{"line":32,"column":88}},{"start":{},"end":{}}],"line":32}},"s":{"0":2,"1":2,"2":0,"3":0,"4":2,"5":2,"6":1,"7":1,"8":1,"9":0,"10":1},"f":{"0":2,"1":0,"2":2,"3":1},"b":{"0":[1,1],"1":[0,1]},"_coverageSchema":"1a1c01bbd47fc00a2c39e90264f33305004495a9","hash":"c17b7cf7f0ed4cd770ba23168cc33b5ea47d4045"}
}
