{"C:\\Users\\ogabr\\Projects\\Apis\\chamaforte\\src\\config\\crypto.ts": {"path":"C:\\Users\\ogabr\\Projects\\Apis\\chamaforte\\src\\config\\crypto.ts","statementMap":{"0":{"start":{"line":2,"column":15},"end":{"line":2,"column":56}},"1":{"start":{"line":4,"column":23},"end":{"line":4,"column":90}},"2":{"start":{"line":4,"column":44},"end":{"line":4,"column":90}},"3":{"start":{"line":5,"column":23},"end":{"line":5,"column":105}},"4":{"start":{"line":5,"column":44},"end":{"line":5,"column":105}}},"fnMap":{"0":{"name":"(anonymous_0)","decl":{"start":{"line":4,"column":23},"end":{"line":4,"column":24}},"loc":{"start":{"line":4,"column":44},"end":{"line":4,"column":90}},"line":4},"1":{"name":"(anonymous_1)","decl":{"start":{"line":5,"column":23},"end":{"line":5,"column":24}},"loc":{"start":{"line":5,"column":44},"end":{"line":5,"column":105}},"line":5}},"branchMap":{},"s":{"0":1,"1":1,"2":0,"3":1,"4":0},"f":{"0":0,"1":0},"b":{},"_coverageSchema":"1a1c01bbd47fc00a2c39e90264f33305004495a9","hash":"21b2d1e8e1837dbd996150948b0afafd64dbd7ab"}
,"C:\\Users\\ogabr\\Projects\\Apis\\chamaforte\\src\\config\\jwt.ts": {"path":"C:\\Users\\ogabr\\Projects\\Apis\\chamaforte\\src\\config\\jwt.ts","statementMap":{"0":{"start":{"line":2,"column":15},"end":{"line":2,"column":53}},"1":{"start":{"line":4,"column":20},"end":{"line":4,"column":66}},"2":{"start":{"line":4,"column":41},"end":{"line":4,"column":66}},"3":{"start":{"line":5,"column":22},"end":{"line":5,"column":66}},"4":{"start":{"line":5,"column":41},"end":{"line":5,"column":66}}},"fnMap":{"0":{"name":"(anonymous_0)","decl":{"start":{"line":4,"column":20},"end":{"line":4,"column":21}},"loc":{"start":{"line":4,"column":41},"end":{"line":4,"column":66}},"line":4},"1":{"name":"(anonymous_1)","decl":{"start":{"line":5,"column":22},"end":{"line":5,"column":23}},"loc":{"start":{"line":5,"column":41},"end":{"line":5,"column":66}},"line":5}},"branchMap":{},"s":{"0":1,"1":1,"2":0,"3":1,"4":0},"f":{"0":0,"1":0},"b":{},"_coverageSchema":"1a1c01bbd47fc00a2c39e90264f33305004495a9","hash":"f2b136318ef3225628517be0b0fc0fb0d7cc83b7"}
,"C:\\Users\\ogabr\\Projects\\Apis\\chamaforte\\src\\controllers\\Users.controllers.ts": {"path":"C:\\Users\\ogabr\\Projects\\Apis\\chamaforte\\src\\controllers\\Users.controllers.ts","statementMap":{"0":{"start":{"line":6,"column":14},"end":{"line":6,"column":30}},"1":{"start":{"line":11,"column":22},"end":{"line":11,"column":47}},"2":{"start":{"line":12,"column":8},"end":{"line":12,"column":35}},"3":{"start":{"line":16,"column":8},"end":{"line":27,"column":9}},"4":{"start":{"line":18,"column":12},"end":{"line":18,"column":106}},"5":{"start":{"line":18,"column":35},"end":{"line":18,"column":106}},"6":{"start":{"line":20,"column":29},"end":{"line":20,"column":82}},"7":{"start":{"line":21,"column":12},"end":{"line":21,"column":52}},"8":{"start":{"line":25,"column":12},"end":{"line":25,"column":64}},"9":{"start":{"line":31,"column":8},"end":{"line":43,"column":9}},"10":{"start":{"line":33,"column":12},"end":{"line":33,"column":122}},"11":{"start":{"line":33,"column":54},"end":{"line":33,"column":122}},"12":{"start":{"line":35,"column":29},"end":{"line":35,"column":56}},"13":{"start":{"line":36,"column":12},"end":{"line":36,"column":53}},"14":{"start":{"line":40,"column":12},"end":{"line":40,"column":26}},"15":{"start":{"line":41,"column":12},"end":{"line":41,"column":82}},"16":{"start":{"line":47,"column":8},"end":{"line":56,"column":9}},"17":{"start":{"line":49,"column":25},"end":{"line":49,"column":59}},"18":{"start":{"line":50,"column":12},"end":{"line":50,"column":43}},"19":{"start":{"line":54,"column":12},"end":{"line":54,"column":48}},"20":{"start":{"line":60,"column":8},"end":{"line":60,"column":53}},"21":{"start":{"line":61,"column":8},"end":{"line":61,"column":73}}},"fnMap":{"0":{"name":"(anonymous_0)","decl":{"start":{"line":9,"column":4},"end":{"line":9,"column":5}},"loc":{"start":{"line":9,"column":68},"end":{"line":14,"column":5}},"line":9},"1":{"name":"(anonymous_1)","decl":{"start":{"line":15,"column":4},"end":{"line":15,"column":5}},"loc":{"start":{"line":15,"column":52},"end":{"line":28,"column":5}},"line":15},"2":{"name":"(anonymous_2)","decl":{"start":{"line":29,"column":4},"end":{"line":29,"column":5}},"loc":{"start":{"line":29,"column":53},"end":{"line":45,"column":5}},"line":29},"3":{"name":"(anonymous_3)","decl":{"start":{"line":46,"column":4},"end":{"line":46,"column":5}},"loc":{"start":{"line":46,"column":68},"end":{"line":57,"column":5}},"line":46},"4":{"name":"(anonymous_4)","decl":{"start":{"line":58,"column":4},"end":{"line":58,"column":5}},"loc":{"start":{"line":58,"column":68},"end":{"line":63,"column":5}},"line":58}},"branchMap":{"0":{"loc":{"start":{"line":18,"column":12},"end":{"line":18,"column":106}},"type":"if","locations":[{"start":{"line":18,"column":12},"end":{"line":18,"column":106}},{"start":{},"end":{}}],"line":18},"1":{"loc":{"start":{"line":33,"column":12},"end":{"line":33,"column":122}},"type":"if","locations":[{"start":{"line":33,"column":12},"end":{"line":33,"column":122}},{"start":{},"end":{}}],"line":33},"2":{"loc":{"start":{"line":33,"column":15},"end":{"line":33,"column":52}},"type":"binary-expr","locations":[{"start":{"line":33,"column":15},"end":{"line":33,"column":30}},{"start":{"line":33,"column":34},"end":{"line":33,"column":52}}],"line":33}},"s":{"0":1,"1":1,"2":0,"3":0,"4":0,"5":0,"6":0,"7":0,"8":0,"9":0,"10":0,"11":0,"12":0,"13":0,"14":0,"15":0,"16":0,"17":0,"18":0,"19":0,"20":0,"21":0},"f":{"0":1,"1":0,"2":0,"3":0,"4":0},"b":{"0":[0,0],"1":[0,0],"2":[0,0]},"_coverageSchema":"1a1c01bbd47fc00a2c39e90264f33305004495a9","hash":"a1a66903ed58077c0ab4266896da295de00ae703"}
,"C:\\Users\\ogabr\\Projects\\Apis\\chamaforte\\src\\functions\\server.ts": {"path":"C:\\Users\\ogabr\\Projects\\Apis\\chamaforte\\src\\functions\\server.ts","statementMap":{"0":{"start":{"line":13,"column":8},"end":{"line":13,"column":62}},"1":{"start":{"line":15,"column":8},"end":{"line":15,"column":24}},"2":{"start":{"line":16,"column":8},"end":{"line":16,"column":32}},"3":{"start":{"line":18,"column":8},"end":{"line":18,"column":21}},"4":{"start":{"line":19,"column":8},"end":{"line":19,"column":26}},"5":{"start":{"line":20,"column":8},"end":{"line":20,"column":21}},"6":{"start":{"line":26,"column":8},"end":{"line":26,"column":117}},"7":{"start":{"line":26,"column":52},"end":{"line":26,"column":116}},"8":{"start":{"line":32,"column":8},"end":{"line":32,"column":40}},"9":{"start":{"line":33,"column":8},"end":{"line":33,"column":32}},"10":{"start":{"line":39,"column":8},"end":{"line":39,"column":41}},"11":{"start":{"line":44,"column":8},"end":{"line":44,"column":27}}},"fnMap":{"0":{"name":"(anonymous_0)","decl":{"start":{"line":11,"column":4},"end":{"line":11,"column":5}},"loc":{"start":{"line":11,"column":30},"end":{"line":22,"column":5}},"line":11},"1":{"name":"(anonymous_1)","decl":{"start":{"line":24,"column":4},"end":{"line":24,"column":5}},"loc":{"start":{"line":24,"column":20},"end":{"line":28,"column":5}},"line":24},"2":{"name":"(anonymous_2)","decl":{"start":{"line":26,"column":46},"end":{"line":26,"column":47}},"loc":{"start":{"line":26,"column":52},"end":{"line":26,"column":116}},"line":26},"3":{"name":"(anonymous_3)","decl":{"start":{"line":30,"column":4},"end":{"line":30,"column":5}},"loc":{"start":{"line":30,"column":26},"end":{"line":35,"column":5}},"line":30},"4":{"name":"(anonymous_4)","decl":{"start":{"line":37,"column":4},"end":{"line":37,"column":5}},"loc":{"start":{"line":37,"column":21},"end":{"line":41,"column":5}},"line":37},"5":{"name":"(anonymous_5)","decl":{"start":{"line":43,"column":4},"end":{"line":43,"column":5}},"loc":{"start":{"line":43,"column":17},"end":{"line":45,"column":5}},"line":43}},"branchMap":{},"s":{"0":1,"1":1,"2":1,"3":1,"4":1,"5":1,"6":1,"7":1,"8":1,"9":1,"10":1,"11":0},"f":{"0":1,"1":1,"2":1,"3":1,"4":1,"5":0},"b":{},"_coverageSchema":"1a1c01bbd47fc00a2c39e90264f33305004495a9","hash":"efa924e0a8a33c913bbec3b7411a743c6bfb1961"}
,"C:\\Users\\ogabr\\Projects\\Apis\\chamaforte\\src\\models\\Users.models.ts": {"path":"C:\\Users\\ogabr\\Projects\\Apis\\chamaforte\\src\\models\\Users.models.ts","statementMap":{"0":{"start":{"line":12,"column":22},"end":{"line":12,"column":46}},"1":{"start":{"line":13,"column":8},"end":{"line":13,"column":26}},"2":{"start":{"line":15,"column":8},"end":{"line":15,"column":20}},"3":{"start":{"line":21,"column":8},"end":{"line":21,"column":51}},"4":{"start":{"line":23,"column":21},"end":{"line":23,"column":58}},"5":{"start":{"line":24,"column":22},"end":{"line":24,"column":49}},"6":{"start":{"line":26,"column":8},"end":{"line":29,"column":9}},"7":{"start":{"line":35,"column":24},"end":{"line":35,"column":64}},"8":{"start":{"line":36,"column":8},"end":{"line":36,"column":69}},"9":{"start":{"line":38,"column":22},"end":{"line":38,"column":52}},"10":{"start":{"line":39,"column":8},"end":{"line":39,"column":20}},"11":{"start":{"line":45,"column":24},"end":{"line":45,"column":41}},"12":{"start":{"line":46,"column":8},"end":{"line":46,"column":57}},"13":{"start":{"line":46,"column":26},"end":{"line":46,"column":57}},"14":{"start":{"line":48,"column":8},"end":{"line":48,"column":45}},"15":{"start":{"line":54,"column":8},"end":{"line":54,"column":53}}},"fnMap":{"0":{"name":"(anonymous_0)","decl":{"start":{"line":10,"column":4},"end":{"line":10,"column":5}},"loc":{"start":{"line":10,"column":31},"end":{"line":17,"column":5}},"line":10},"1":{"name":"(anonymous_1)","decl":{"start":{"line":19,"column":4},"end":{"line":19,"column":5}},"loc":{"start":{"line":19,"column":46},"end":{"line":31,"column":5}},"line":19},"2":{"name":"(anonymous_2)","decl":{"start":{"line":33,"column":4},"end":{"line":33,"column":5}},"loc":{"start":{"line":33,"column":40},"end":{"line":41,"column":5}},"line":33},"3":{"name":"(anonymous_3)","decl":{"start":{"line":43,"column":4},"end":{"line":43,"column":5}},"loc":{"start":{"line":43,"column":41},"end":{"line":50,"column":5}},"line":43},"4":{"name":"(anonymous_4)","decl":{"start":{"line":52,"column":4},"end":{"line":52,"column":5}},"loc":{"start":{"line":52,"column":50},"end":{"line":56,"column":5}},"line":52}},"branchMap":{"0":{"loc":{"start":{"line":46,"column":8},"end":{"line":46,"column":57}},"type":"if","locations":[{"start":{"line":46,"column":8},"end":{"line":46,"column":57}},{"start":{},"end":{}}],"line":46}},"s":{"0":1,"1":0,"2":0,"3":0,"4":0,"5":0,"6":0,"7":0,"8":0,"9":0,"10":0,"11":0,"12":0,"13":0,"14":0,"15":0},"f":{"0":1,"1":0,"2":0,"3":0,"4":0},"b":{"0":[0,0]},"_coverageSchema":"1a1c01bbd47fc00a2c39e90264f33305004495a9","hash":"eaef77a6b570b52b47bd8ba0174f27d0da4e1ba3"}
,"C:\\Users\\ogabr\\Projects\\Apis\\chamaforte\\src\\routes\\users.ts": {"path":"C:\\Users\\ogabr\\Projects\\Apis\\chamaforte\\src\\routes\\users.ts","statementMap":{"0":{"start":{"line":2,"column":15},"end":{"line":2,"column":23}},"1":{"start":{"line":5,"column":14},"end":{"line":5,"column":25}},"2":{"start":{"line":7,"column":0},"end":{"line":7,"column":35}},"3":{"start":{"line":8,"column":0},"end":{"line":8,"column":33}},"4":{"start":{"line":9,"column":0},"end":{"line":9,"column":37}},"5":{"start":{"line":10,"column":0},"end":{"line":10,"column":37}},"6":{"start":{"line":11,"column":0},"end":{"line":11,"column":38}}},"fnMap":{},"branchMap":{},"s":{"0":1,"1":1,"2":1,"3":1,"4":1,"5":1,"6":1},"f":{},"b":{},"_coverageSchema":"1a1c01bbd47fc00a2c39e90264f33305004495a9","hash":"cb1a2b1215b5e73cdfa935df8b6d5113da5d1a24"}
,"C:\\Users\\ogabr\\Projects\\Apis\\chamaforte\\src\\schemas\\Users.schemas.ts": {"path":"C:\\Users\\ogabr\\Projects\\Apis\\chamaforte\\src\\schemas\\Users.schemas.ts","statementMap":{"0":{"start":{"line":15,"column":32},"end":{"line":15,"column":46}}},"fnMap":{"0":{"name":"(anonymous_0)","decl":{"start":{"line":15,"column":13},"end":{"line":15,"column":14}},"loc":{"start":{"line":15,"column":32},"end":{"line":15,"column":46}},"line":15}},"branchMap":{},"s":{"0":0},"f":{"0":0},"b":{},"_coverageSchema":"1a1c01bbd47fc00a2c39e90264f33305004495a9","hash":"b4cd2bf1e59b813e4c704c43faa3249ab6af8e2f"}
,"C:\\Users\\ogabr\\Projects\\Apis\\chamaforte\\src\\services\\Users.services.ts": {"path":"C:\\Users\\ogabr\\Projects\\Apis\\chamaforte\\src\\services\\Users.services.ts","statementMap":{"0":{"start":{"line":9,"column":21},"end":{"line":9,"column":57}},"1":{"start":{"line":10,"column":8},"end":{"line":10,"column":19}},"2":{"start":{"line":16,"column":21},"end":{"line":16,"column":54}},"3":{"start":{"line":17,"column":8},"end":{"line":17,"column":19}},"4":{"start":{"line":23,"column":21},"end":{"line":23,"column":57}},"5":{"start":{"line":24,"column":8},"end":{"line":24,"column":41}},"6":{"start":{"line":24,"column":17},"end":{"line":24,"column":41}},"7":{"start":{"line":26,"column":8},"end":{"line":26,"column":19}},"8":{"start":{"line":32,"column":34},"end":{"line":32,"column":51}},"9":{"start":{"line":33,"column":8},"end":{"line":33,"column":96}},"10":{"start":{"line":33,"column":42},"end":{"line":33,"column":96}},"11":{"start":{"line":35,"column":8},"end":{"line":35,"column":32}}},"fnMap":{"0":{"name":"(anonymous_0)","decl":{"start":{"line":7,"column":4},"end":{"line":7,"column":5}},"loc":{"start":{"line":7,"column":47},"end":{"line":12,"column":5}},"line":7},"1":{"name":"(anonymous_1)","decl":{"start":{"line":14,"column":4},"end":{"line":14,"column":5}},"loc":{"start":{"line":14,"column":41},"end":{"line":19,"column":5}},"line":14},"2":{"name":"(anonymous_2)","decl":{"start":{"line":21,"column":4},"end":{"line":21,"column":5}},"loc":{"start":{"line":21,"column":50},"end":{"line":28,"column":5}},"line":21},"3":{"name":"(anonymous_3)","decl":{"start":{"line":30,"column":4},"end":{"line":30,"column":5}},"loc":{"start":{"line":30,"column":68},"end":{"line":37,"column":5}},"line":30}},"branchMap":{"0":{"loc":{"start":{"line":24,"column":8},"end":{"line":24,"column":41}},"type":"if","locations":[{"start":{"line":24,"column":8},"end":{"line":24,"column":41}},{"start":{},"end":{}}],"line":24},"1":{"loc":{"start":{"line":33,"column":8},"end":{"line":33,"column":96}},"type":"if","locations":[{"start":{"line":33,"column":8},"end":{"line":33,"column":96}},{"start":{},"end":{}}],"line":33}},"s":{"0":0,"1":0,"2":0,"3":0,"4":0,"5":0,"6":0,"7":0,"8":0,"9":0,"10":0,"11":0},"f":{"0":0,"1":0,"2":0,"3":0},"b":{"0":[0,0],"1":[0,0]},"_coverageSchema":"1a1c01bbd47fc00a2c39e90264f33305004495a9","hash":"5704d7f38e5f34fd16fa530bf6e96308d103dd20"}
}
